# JRE version: OpenJDK Runtime Environment (7.0_79-b14) (build 1.7.0_79-b14)
# Java VM: OpenJDK 64-Bit Server VM (24.79-b02 mixed mode linux-amd64 compressed oops)
Heap
 PSYoungGen      total 167936K, used 0K [0x00000000f2200000, 0x0000000100000000, 0x0000000100000000)
  eden space 115712K, 0% used [0x00000000f2200000,0x00000000f2200000,0x00000000f9300000)
  from space 52224K, 0% used [0x00000000fcd00000,0x00000000fcd00000,0x0000000100000000)
  to   space 55808K, 0% used [0x00000000f9300000,0x00000000f9300000,0x00000000fc980000)
 ParOldGen       total 243200K, used 242112K [0x00000000d6600000, 0x00000000e5380000, 0x00000000f2200000)
  object space 243200K, 99% used [0x00000000d6600000,0x00000000e52701d0,0x00000000e5380000)
 PSPermGen       total 59904K, used 36836K [0x00000000cc000000, 0x00000000cfa80000, 0x00000000d6600000)
  object space 59904K, 61% used [0x00000000cc000000,0x00000000ce3f9098,0x00000000cfa80000)
GC Heap History (10 events):
Event: 11,894 GC heap after
Heap after GC invocations=11 (full 1):
 PSYoungGen      total 111616K, used 8163K [0x00000000f2200000, 0x0000000100000000, 0x0000000100000000)
  eden space 103424K, 0% used [0x00000000f2200000,0x00000000f2200000,0x00000000f8700000)
  from space 8192K, 99% used [0x00000000fb200000,0x00000000fb9f8e80,0x00000000fba00000)
  to   space 44032K, 0% used [0x00000000f8700000,0x00000000f8700000,0x00000000fb200000)
 ParOldGen       total 103936K, used 103583K [0x00000000d6600000, 0x00000000dcb80000, 0x00000000f2200000)
  object space 103936K, 99% used [0x00000000d6600000,0x00000000dcb27f10,0x00000000dcb80000)
 PSPermGen       total 50176K, used 29561K [0x00000000cc000000, 0x00000000cf100000, 0x00000000d6600000)
  object space 50176K, 58% used [0x00000000cc000000,0x00000000cdcde4e8,0x00000000cf100000)
}
Event: 11,894 GC heap before
{Heap before GC invocations=12 (full 2):
 PSYoungGen      total 111616K, used 8163K [0x00000000f2200000, 0x0000000100000000, 0x0000000100000000)
  eden space 103424K, 0% used [0x00000000f2200000,0x00000000f2200000,0x00000000f8700000)
  from space 8192K, 99% used [0x00000000fb200000,0x00000000fb9f8e80,0x00000000fba00000)
  to   space 44032K, 0% used [0x00000000f8700000,0x00000000f8700000,0x00000000fb200000)
 ParOldGen       total 103936K, used 103583K [0x00000000d6600000, 0x00000000dcb80000, 0x00000000f2200000)
  object space 103936K, 99% used [0x00000000d6600000,0x00000000dcb27f10,0x00000000dcb80000)
 PSPermGen       total 50176K, used 29561K [0x00000000cc000000, 0x00000000cf100000, 0x00000000d6600000)
  object space 50176K, 58% used [0x00000000cc000000,0x00000000cdcde4e8,0x00000000cf100000)
Event: 12,156 GC heap after
Heap after GC invocations=12 (full 2):
 PSYoungGen      total 111616K, used 4065K [0x00000000f2200000, 0x0000000100000000, 0x0000000100000000)
  eden space 103424K, 0% used [0x00000000f2200000,0x00000000f2200000,0x00000000f8700000)
  from space 8192K, 49% used [0x00000000fb200000,0x00000000fb5f87f0,0x00000000fba00000)
  to   space 44032K, 0% used [0x00000000f8700000,0x00000000f8700000,0x00000000fb200000)
 ParOldGen       total 156160K, used 103509K [0x00000000d6600000, 0x00000000dfe80000, 0x00000000f2200000)
  object space 156160K, 66% used [0x00000000d6600000,0x00000000dcb15568,0x00000000dfe80000)
 PSPermGen       total 59904K, used 29558K [0x00000000cc000000, 0x00000000cfa80000, 0x00000000d6600000)
  object space 59904K, 49% used [0x00000000cc000000,0x00000000cdcdda68,0x00000000cfa80000)
}
Event: 12,179 GC heap before
{Heap before GC invocations=13 (full 2):
 PSYoungGen      total 111616K, used 107489K [0x00000000f2200000, 0x0000000100000000, 0x0000000100000000)
  eden space 103424K, 100% used [0x00000000f2200000,0x00000000f8700000,0x00000000f8700000)
  from space 8192K, 49% used [0x00000000fb200000,0x00000000fb5f87f0,0x00000000fba00000)
  to   space 44032K, 0% used [0x00000000f8700000,0x00000000f8700000,0x00000000fb200000)
 ParOldGen       total 156160K, used 103509K [0x00000000d6600000, 0x00000000dfe80000, 0x00000000f2200000)
  object space 156160K, 66% used [0x00000000d6600000,0x00000000dcb15568,0x00000000dfe80000)
 PSPermGen       total 59904K, used 29559K [0x00000000cc000000, 0x00000000cfa80000, 0x00000000d6600000)
  object space 59904K, 49% used [0x00000000cc000000,0x00000000cdcddee0,0x00000000cfa80000)
Event: 12,908 GC heap after
Heap after GC invocations=13 (full 2):
 PSYoungGen      total 147456K, used 44021K [0x00000000f2200000, 0x0000000100000000, 0x0000000100000000)
  eden space 103424K, 0% used [0x00000000f2200000,0x00000000f2200000,0x00000000f8700000)
  from space 44032K, 99% used [0x00000000f8700000,0x00000000fb1fd5e0,0x00000000fb200000)
  to   space 52224K, 0% used [0x00000000fcd00000,0x00000000fcd00000,0x0000000100000000)
 ParOldGen       total 166912K, used 166516K [0x00000000d6600000, 0x00000000e0900000, 0x00000000f2200000)
  object space 166912K, 99% used [0x00000000d6600000,0x00000000e089d068,0x00000000e0900000)
 PSPermGen       total 59904K, used 29559K [0x00000000cc000000, 0x00000000cfa80000, 0x00000000d6600000)
  object space 59904K, 49% used [0x00000000cc000000,0x00000000cdcddee0,0x00000000cfa80000)
}
Event: 12,908 GC heap before
{Heap before GC invocations=14 (full 3):
 PSYoungGen      total 147456K, used 44021K [0x00000000f2200000, 0x0000000100000000, 0x0000000100000000)
  eden space 103424K, 0% used [0x00000000f2200000,0x00000000f2200000,0x00000000f8700000)
  from space 44032K, 99% used [0x00000000f8700000,0x00000000fb1fd5e0,0x00000000fb200000)
  to   space 52224K, 0% used [0x00000000fcd00000,0x00000000fcd00000,0x0000000100000000)
 ParOldGen       total 166912K, used 166516K [0x00000000d6600000, 0x00000000e0900000, 0x00000000f2200000)
  object space 166912K, 99% used [0x00000000d6600000,0x00000000e089d068,0x00000000e0900000)
 PSPermGen       total 59904K, used 29559K [0x00000000cc000000, 0x00000000cfa80000, 0x00000000d6600000)
  object space 59904K, 49% used [0x00000000cc000000,0x00000000cdcddee0,0x00000000cfa80000)
Event: 13,108 GC heap after
Heap after GC invocations=14 (full 3):
 PSYoungGen      total 147456K, used 40406K [0x00000000f2200000, 0x0000000100000000, 0x0000000100000000)
  eden space 103424K, 0% used [0x00000000f2200000,0x00000000f2200000,0x00000000f8700000)
  from space 44032K, 91% used [0x00000000f8700000,0x00000000fae75930,0x00000000fb200000)
  to   space 52224K, 0% used [0x00000000fcd00000,0x00000000fcd00000,0x0000000100000000)
 ParOldGen       total 243200K, used 166566K [0x00000000d6600000, 0x00000000e5380000, 0x00000000f2200000)
  object space 243200K, 68% used [0x00000000d6600000,0x00000000e08a9890,0x00000000e5380000)
 PSPermGen       total 59904K, used 29559K [0x00000000cc000000, 0x00000000cfa80000, 0x00000000d6600000)
  object space 59904K, 49% used [0x00000000cc000000,0x00000000cdcddee0,0x00000000cfa80000)
}
Event: 33,589 GC heap before
{Heap before GC invocations=15 (full 3):
 PSYoungGen      total 147456K, used 143830K [0x00000000f2200000, 0x0000000100000000, 0x0000000100000000)
  eden space 103424K, 100% used [0x00000000f2200000,0x00000000f8700000,0x00000000f8700000)
  from space 44032K, 91% used [0x00000000f8700000,0x00000000fae75930,0x00000000fb200000)
  to   space 52224K, 0% used [0x00000000fcd00000,0x00000000fcd00000,0x0000000100000000)
 ParOldGen       total 243200K, used 166566K [0x00000000d6600000, 0x00000000e5380000, 0x00000000f2200000)
  object space 243200K, 68% used [0x00000000d6600000,0x00000000e08a9890,0x00000000e5380000)
 PSPermGen       total 59904K, used 36844K [0x00000000cc000000, 0x00000000cfa80000, 0x00000000d6600000)
  object space 59904K, 61% used [0x00000000cc000000,0x00000000ce3fb028,0x00000000cfa80000)
Event: 34,135 GC heap after
Heap after GC invocations=15 (full 3):
 PSYoungGen      total 167936K, used 35612K [0x00000000f2200000, 0x0000000100000000, 0x0000000100000000)
  eden space 115712K, 0% used [0x00000000f2200000,0x00000000f2200000,0x00000000f9300000)
  from space 52224K, 68% used [0x00000000fcd00000,0x00000000fefc7140,0x0000000100000000)
  to   space 55808K, 0% used [0x00000000f9300000,0x00000000f9300000,0x00000000fc980000)
 ParOldGen       total 243200K, used 206969K [0x00000000d6600000, 0x00000000e5380000, 0x00000000f2200000)
  object space 243200K, 85% used [0x00000000d6600000,0x00000000e301e770,0x00000000e5380000)
 PSPermGen       total 59904K, used 36844K [0x00000000cc000000, 0x00000000cfa80000, 0x00000000d6600000)
  object space 59904K, 61% used [0x00000000cc000000,0x00000000ce3fb028,0x00000000cfa80000)
}
Event: 34,135 GC heap before
{Heap before GC invocations=16 (full 4):
 PSYoungGen      total 167936K, used 35612K [0x00000000f2200000, 0x0000000100000000, 0x0000000100000000)
  eden space 115712K, 0% used [0x00000000f2200000,0x00000000f2200000,0x00000000f9300000)
  from space 52224K, 68% used [0x00000000fcd00000,0x00000000fefc7140,0x0000000100000000)
  to   space 55808K, 0% used [0x00000000f9300000,0x00000000f9300000,0x00000000fc980000)
 ParOldGen       total 243200K, used 206969K [0x00000000d6600000, 0x00000000e5380000, 0x00000000f2200000)
  object space 243200K, 85% used [0x00000000d6600000,0x00000000e301e770,0x00000000e5380000)
 PSPermGen       total 59904K, used 36844K [0x00000000cc000000, 0x00000000cfa80000, 0x00000000d6600000)
  object space 59904K, 61% used [0x00000000cc000000,0x00000000ce3fb028,0x00000000cfa80000)

