# JRE version: OpenJDK Runtime Environment (7.0_79-b14) (build 1.7.0_79-b14)
# Java VM: OpenJDK 64-Bit Server VM (24.79-b02 mixed mode linux-amd64 compressed oops)
Heap
 PSYoungGen      total 136192K, used 36337K [0x00000000f2200000, 0x0000000100000000, 0x0000000100000000)
  eden space 75776K, 0% used [0x00000000f2200000,0x00000000f2200000,0x00000000f6c00000)
  from space 60416K, 60% used [0x00000000fc500000,0x00000000fe87c6f0,0x0000000100000000)
  to   space 75776K, 0% used [0x00000000f6c00000,0x00000000f6c00000,0x00000000fb600000)
 ParOldGen       total 200704K, used 200293K [0x00000000d6600000, 0x00000000e2a00000, 0x00000000f2200000)
  object space 200704K, 99% used [0x00000000d6600000,0x00000000e2999440,0x00000000e2a00000)
 PSPermGen       total 59904K, used 30232K [0x00000000cc000000, 0x00000000cfa80000, 0x00000000d6600000)
  object space 59904K, 50% used [0x00000000cc000000,0x00000000cdd86088,0x00000000cfa80000)
GC Heap History (10 events):
Event: 10,873 GC heap after
Heap after GC invocations=13 (full 1):
 PSYoungGen      total 96256K, used 7651K [0x00000000f2200000, 0x0000000100000000, 0x0000000100000000)
  eden space 88576K, 0% used [0x00000000f2200000,0x00000000f2200000,0x00000000f7880000)
  from space 7680K, 99% used [0x00000000f9680000,0x00000000f9df8d80,0x00000000f9e00000)
  to   space 30720K, 0% used [0x00000000f7880000,0x00000000f7880000,0x00000000f9680000)
 ParOldGen       total 66048K, used 66007K [0x00000000d6600000, 0x00000000da680000, 0x00000000f2200000)
  object space 66048K, 99% used [0x00000000d6600000,0x00000000da675da0,0x00000000da680000)
 PSPermGen       total 50176K, used 29537K [0x00000000cc000000, 0x00000000cf100000, 0x00000000d6600000)
  object space 50176K, 58% used [0x00000000cc000000,0x00000000cdcd8438,0x00000000cf100000)
}
Event: 10,873 GC heap before
{Heap before GC invocations=14 (full 2):
 PSYoungGen      total 96256K, used 7651K [0x00000000f2200000, 0x0000000100000000, 0x0000000100000000)
  eden space 88576K, 0% used [0x00000000f2200000,0x00000000f2200000,0x00000000f7880000)
  from space 7680K, 99% used [0x00000000f9680000,0x00000000f9df8d80,0x00000000f9e00000)
  to   space 30720K, 0% used [0x00000000f7880000,0x00000000f7880000,0x00000000f9680000)
 ParOldGen       total 66048K, used 66007K [0x00000000d6600000, 0x00000000da680000, 0x00000000f2200000)
  object space 66048K, 99% used [0x00000000d6600000,0x00000000da675da0,0x00000000da680000)
 PSPermGen       total 50176K, used 29537K [0x00000000cc000000, 0x00000000cf100000, 0x00000000d6600000)
  object space 50176K, 58% used [0x00000000cc000000,0x00000000cdcd8438,0x00000000cf100000)
Event: 11,267 GC heap after
Heap after GC invocations=14 (full 2):
 PSYoungGen      total 96256K, used 6615K [0x00000000f2200000, 0x0000000100000000, 0x0000000100000000)
  eden space 88576K, 0% used [0x00000000f2200000,0x00000000f2200000,0x00000000f7880000)
  from space 7680K, 86% used [0x00000000f9680000,0x00000000f9cf5c58,0x00000000f9e00000)
  to   space 30720K, 0% used [0x00000000f7880000,0x00000000f7880000,0x00000000f9680000)
 ParOldGen       total 108032K, used 65876K [0x00000000d6600000, 0x00000000dcf80000, 0x00000000f2200000)
  object space 108032K, 60% used [0x00000000d6600000,0x00000000da6552d0,0x00000000dcf80000)
 PSPermGen       total 59904K, used 29534K [0x00000000cc000000, 0x00000000cfa80000, 0x00000000d6600000)
  object space 59904K, 49% used [0x00000000cc000000,0x00000000cdcd7998,0x00000000cfa80000)
}
Event: 11,310 GC heap before
{Heap before GC invocations=15 (full 2):
 PSYoungGen      total 96256K, used 95191K [0x00000000f2200000, 0x0000000100000000, 0x0000000100000000)
  eden space 88576K, 100% used [0x00000000f2200000,0x00000000f7880000,0x00000000f7880000)
  from space 7680K, 86% used [0x00000000f9680000,0x00000000f9cf5c58,0x00000000f9e00000)
  to   space 30720K, 0% used [0x00000000f7880000,0x00000000f7880000,0x00000000f9680000)
 ParOldGen       total 108032K, used 65876K [0x00000000d6600000, 0x00000000dcf80000, 0x00000000f2200000)
  object space 108032K, 60% used [0x00000000d6600000,0x00000000da6552d0,0x00000000dcf80000)
 PSPermGen       total 59904K, used 29559K [0x00000000cc000000, 0x00000000cfa80000, 0x00000000d6600000)
  object space 59904K, 49% used [0x00000000cc000000,0x00000000cdcddd60,0x00000000cfa80000)
Event: 11,738 GC heap after
Heap after GC invocations=15 (full 2):
 PSYoungGen      total 119296K, used 30702K [0x00000000f2200000, 0x0000000100000000, 0x0000000100000000)
  eden space 88576K, 0% used [0x00000000f2200000,0x00000000f2200000,0x00000000f7880000)
  from space 30720K, 99% used [0x00000000f7880000,0x00000000f967bbd0,0x00000000f9680000)
  to   space 60416K, 0% used [0x00000000fc500000,0x00000000fc500000,0x0000000100000000)
 ParOldGen       total 130048K, used 129123K [0x00000000d6600000, 0x00000000de500000, 0x00000000f2200000)
  object space 130048K, 99% used [0x00000000d6600000,0x00000000de418dd8,0x00000000de500000)
 PSPermGen       total 59904K, used 29559K [0x00000000cc000000, 0x00000000cfa80000, 0x00000000d6600000)
  object space 59904K, 49% used [0x00000000cc000000,0x00000000cdcddd60,0x00000000cfa80000)
}
Event: 11,738 GC heap before
{Heap before GC invocations=16 (full 3):
 PSYoungGen      total 119296K, used 30702K [0x00000000f2200000, 0x0000000100000000, 0x0000000100000000)
  eden space 88576K, 0% used [0x00000000f2200000,0x00000000f2200000,0x00000000f7880000)
  from space 30720K, 99% used [0x00000000f7880000,0x00000000f967bbd0,0x00000000f9680000)
  to   space 60416K, 0% used [0x00000000fc500000,0x00000000fc500000,0x0000000100000000)
 ParOldGen       total 130048K, used 129123K [0x00000000d6600000, 0x00000000de500000, 0x00000000f2200000)
  object space 130048K, 99% used [0x00000000d6600000,0x00000000de418dd8,0x00000000de500000)
 PSPermGen       total 59904K, used 29559K [0x00000000cc000000, 0x00000000cfa80000, 0x00000000d6600000)
  object space 59904K, 49% used [0x00000000cc000000,0x00000000cdcddd60,0x00000000cfa80000)
Event: 11,862 GC heap after
Heap after GC invocations=16 (full 3):
 PSYoungGen      total 119296K, used 26578K [0x00000000f2200000, 0x0000000100000000, 0x0000000100000000)
  eden space 88576K, 0% used [0x00000000f2200000,0x00000000f2200000,0x00000000f7880000)
  from space 30720K, 86% used [0x00000000f7880000,0x00000000f92749a0,0x00000000f9680000)
  to   space 60416K, 0% used [0x00000000fc500000,0x00000000fc500000,0x0000000100000000)
 ParOldGen       total 200704K, used 129725K [0x00000000d6600000, 0x00000000e2a00000, 0x00000000f2200000)
  object space 200704K, 64% used [0x00000000d6600000,0x00000000de4af7c8,0x00000000e2a00000)
 PSPermGen       total 59904K, used 29559K [0x00000000cc000000, 0x00000000cfa80000, 0x00000000d6600000)
  object space 59904K, 49% used [0x00000000cc000000,0x00000000cdcddd60,0x00000000cfa80000)
}
Event: 12,382 GC heap before
{Heap before GC invocations=17 (full 3):
 PSYoungGen      total 119296K, used 115154K [0x00000000f2200000, 0x0000000100000000, 0x0000000100000000)
  eden space 88576K, 100% used [0x00000000f2200000,0x00000000f7880000,0x00000000f7880000)
  from space 30720K, 86% used [0x00000000f7880000,0x00000000f92749a0,0x00000000f9680000)
  to   space 60416K, 0% used [0x00000000fc500000,0x00000000fc500000,0x0000000100000000)
 ParOldGen       total 200704K, used 129725K [0x00000000d6600000, 0x00000000e2a00000, 0x00000000f2200000)
  object space 200704K, 64% used [0x00000000d6600000,0x00000000de4af7c8,0x00000000e2a00000)
 PSPermGen       total 59904K, used 30232K [0x00000000cc000000, 0x00000000cfa80000, 0x00000000d6600000)
  object space 59904K, 50% used [0x00000000cc000000,0x00000000cdd862c0,0x00000000cfa80000)
Event: 13,060 GC heap after
Heap after GC invocations=17 (full 3):
 PSYoungGen      total 136192K, used 60413K [0x00000000f2200000, 0x0000000100000000, 0x0000000100000000)
  eden space 75776K, 0% used [0x00000000f2200000,0x00000000f2200000,0x00000000f6c00000)
  from space 60416K, 99% used [0x00000000fc500000,0x00000000fffff5b0,0x0000000100000000)
  to   space 75776K, 0% used [0x00000000f6c00000,0x00000000f6c00000,0x00000000fb600000)
 ParOldGen       total 200704K, used 176298K [0x00000000d6600000, 0x00000000e2a00000, 0x00000000f2200000)
  object space 200704K, 87% used [0x00000000d6600000,0x00000000e122a838,0x00000000e2a00000)
 PSPermGen       total 59904K, used 30232K [0x00000000cc000000, 0x00000000cfa80000, 0x00000000d6600000)
  object space 59904K, 50% used [0x00000000cc000000,0x00000000cdd862c0,0x00000000cfa80000)
}
Event: 13,060 GC heap before
{Heap before GC invocations=18 (full 4):
 PSYoungGen      total 136192K, used 60413K [0x00000000f2200000, 0x0000000100000000, 0x0000000100000000)
  eden space 75776K, 0% used [0x00000000f2200000,0x00000000f2200000,0x00000000f6c00000)
  from space 60416K, 99% used [0x00000000fc500000,0x00000000fffff5b0,0x0000000100000000)
  to   space 75776K, 0% used [0x00000000f6c00000,0x00000000f6c00000,0x00000000fb600000)
 ParOldGen       total 200704K, used 176298K [0x00000000d6600000, 0x00000000e2a00000, 0x00000000f2200000)
  object space 200704K, 87% used [0x00000000d6600000,0x00000000e122a838,0x00000000e2a00000)
 PSPermGen       total 59904K, used 30232K [0x00000000cc000000, 0x00000000cfa80000, 0x00000000d6600000)
  object space 59904K, 50% used [0x00000000cc000000,0x00000000cdd862c0,0x00000000cfa80000)

